<?xml version="1.0" encoding="UTF-8"?>
<testsuite name="com.sun.test.TestRun1" tests="1" skipped="0" failures="0" errors="0" timestamp="2017-08-10T15:43:37" hostname="Sun" time="0.009">
  <properties/>
  <testcase name="run" classname="com.sun.test.TestRun1" time="0.009"/>
  <system-out><![CDATA[]]></system-out>
  <system-err><![CDATA[]]></system-err>
</testsuite>
